c:\users\ahmad\downloads\new\software\alba\x64\release\alba.lib
c:\users\ahmad\downloads\new\software\alba\x64\release\alba.exp
c:\users\ahmad\downloads\new\software\alba\alba\x64\release\vc140.pdb
c:\users\ahmad\downloads\new\software\alba\alba\x64\release\extapiplatform.obj
c:\users\ahmad\downloads\new\software\alba\alba\x64\release\extapi.obj
c:\users\ahmad\downloads\new\software\alba\alba\x64\release\utils.obj
c:\users\ahmad\downloads\new\software\alba\alba\x64\release\timer.obj
c:\users\ahmad\downloads\new\software\alba\alba\x64\release\main.obj
c:\users\ahmad\downloads\new\software\alba\alba\x64\release\keyboardhandler.obj
c:\users\ahmad\downloads\new\software\alba\alba\x64\release\applicator.obj
c:\users\ahmad\downloads\new\software\alba\alba\x64\release\tracker.obj
c:\users\ahmad\downloads\new\software\alba\alba\x64\release\simulatedtracker.obj
c:\users\ahmad\downloads\new\software\alba\alba\x64\release\userproxy.obj
c:\users\ahmad\downloads\new\software\alba\alba\x64\release\techuserproxy.obj
c:\users\ahmad\downloads\new\software\alba\alba\x64\release\simulatorproxy.obj
c:\users\ahmad\downloads\new\software\alba\alba\x64\release\polarisproxy.obj
c:\users\ahmad\downloads\new\software\alba\x64\release\alba.exe
c:\users\ahmad\downloads\new\software\alba\x64\release\alba.ipdb
c:\users\ahmad\downloads\new\software\alba\x64\release\alba.iobj
c:\users\ahmad\downloads\new\software\alba\x64\release\alba.pdb
c:\users\ahmad\downloads\new\software\alba\alba\x64\release\alba.tlog\alba.write.1u.tlog
c:\users\ahmad\downloads\new\software\alba\alba\x64\release\alba.tlog\cl.command.1.tlog
c:\users\ahmad\downloads\new\software\alba\alba\x64\release\alba.tlog\cl.read.1.tlog
c:\users\ahmad\downloads\new\software\alba\alba\x64\release\alba.tlog\cl.write.1.tlog
c:\users\ahmad\downloads\new\software\alba\alba\x64\release\alba.tlog\link.command.1.tlog
c:\users\ahmad\downloads\new\software\alba\alba\x64\release\alba.tlog\link.read.1.tlog
c:\users\ahmad\downloads\new\software\alba\alba\x64\release\alba.tlog\link.write.1.tlog
